{"contracts\\TicTacToe.sol":{"l":{"38":4,"40":4,"41":4,"50":5,"51":3,"52":3,"53":3,"59":2,"60":2,"62":2,"64":2,"66":1,"67":1,"68":1,"70":1,"77":10,"78":4,"79":2,"80":2,"81":2,"82":2,"83":2,"84":2,"90":18,"91":18,"92":18,"94":18,"96":17,"97":17,"99":15,"100":15,"101":15,"102":15,"103":15,"104":15,"105":1,"107":1,"109":1,"110":1,"112":1,"113":1,"115":1,"116":1,"118":1,"119":1,"122":13,"124":15,"130":1,"131":1,"133":1,"134":1,"136":1,"137":1,"140":0,"141":0,"143":0,"145":0,"146":0,"147":0,"154":17,"161":5,"162":5,"163":2,"164":0,"171":19,"178":17,"185":17,"192":0,"199":8,"200":5,"209":160,"216":110,"225":71,"226":71,"233":39,"240":1,"241":1,"248":7,"263":1,"273":1,"282":0,"292":1,"301":0,"311":2,"320":0,"330":1,"339":1},"path":"D:/Richard/gnosis/solidity-tictactoe/contracts/TicTacToe.sol","s":{"1":4,"2":4,"3":5,"4":3,"5":3,"6":3,"7":2,"8":2,"9":2,"10":2,"11":1,"12":1,"13":1,"14":10,"15":4,"16":2,"17":2,"18":2,"19":2,"20":2,"21":2,"22":18,"23":18,"24":18,"25":18,"26":17,"27":17,"28":15,"29":15,"30":15,"31":15,"32":15,"33":15,"34":1,"35":1,"36":1,"37":14,"38":1,"39":1,"40":1,"41":1,"42":13,"43":15,"44":1,"45":1,"46":1,"47":1,"48":1,"49":1,"50":0,"51":0,"52":0,"53":0,"54":0,"55":17,"56":5,"57":5,"58":3,"59":2,"60":2,"61":0,"62":19,"63":17,"64":17,"65":0,"66":8,"67":5,"68":160,"69":110,"70":71,"71":71,"72":39,"73":1,"74":1,"75":7,"76":1,"77":6,"78":1,"79":5,"80":0,"81":5,"82":1,"83":4,"84":0,"85":4,"86":2,"87":2,"88":0,"89":2,"90":1,"91":1,"92":1,"93":1,"94":0,"95":1,"96":0,"97":2,"98":0,"99":1,"100":1},"b":{"1":[3,2],"2":[2,0],"3":[1,1],"4":[4,6],"5":[2,2],"6":[2,0],"7":[2,0],"8":[18,0],"9":[17,1],"10":[15,2],"11":[15,0],"12":[1,14],"13":[1,13],"14":[1,0],"15":[0,1],"16":[3,2],"17":[2,0],"18":[5,3],"19":[1,6],"20":[1,5],"21":[0,5],"22":[1,4],"23":[0,4],"24":[2,2],"25":[0,2],"26":[1,1]},"f":{"1":4,"2":5,"3":2,"4":10,"5":18,"6":1,"7":17,"8":5,"9":19,"10":17,"11":17,"12":0,"13":8,"14":160,"15":110,"16":71,"17":39,"18":1,"19":7,"20":1,"21":1,"22":0,"23":1,"24":0,"25":2,"26":0,"27":1,"28":1},"fnMap":{"1":{"name":"TicTacToe","line":35,"loc":{"start":{"line":35,"column":4},"end":{"line":35,"column":29}}},"2":{"name":"create","line":46,"loc":{"start":{"line":46,"column":4},"end":{"line":49,"column":5}}},"3":{"name":"cancel","line":56,"loc":{"start":{"line":56,"column":4},"end":{"line":58,"column":5}}},"4":{"name":"join","line":73,"loc":{"start":{"line":73,"column":4},"end":{"line":76,"column":5}}},"5":{"name":"makeMove","line":87,"loc":{"start":{"line":87,"column":4},"end":{"line":89,"column":5}}},"6":{"name":"punishCurrentPlayer","line":127,"loc":{"start":{"line":127,"column":4},"end":{"line":129,"column":5}}},"7":{"name":"currentPlayerIndex","line":150,"loc":{"start":{"line":150,"column":4},"end":{"line":154,"column":5}}},"8":{"name":"senderPlayerIndex","line":158,"loc":{"start":{"line":158,"column":4},"end":{"line":162,"column":5}}},"9":{"name":"currentGameState","line":169,"loc":{"start":{"line":169,"column":4},"end":{"line":173,"column":5}}},"10":{"name":"currentMoves","line":177,"loc":{"start":{"line":177,"column":4},"end":{"line":181,"column":5}}},"11":{"name":"lastMove","line":185,"loc":{"start":{"line":185,"column":4},"end":{"line":189,"column":5}}},"12":{"name":"canCurrentPlayerBePunished","line":193,"loc":{"start":{"line":193,"column":4},"end":{"line":197,"column":5}}},"13":{"name":"getGameInfo","line":201,"loc":{"start":{"line":201,"column":4},"end":{"line":205,"column":5}}},"14":{"name":"getInfo","line":212,"loc":{"start":{"line":212,"column":4},"end":{"line":216,"column":5}}},"15":{"name":"getInfo","line":220,"loc":{"start":{"line":220,"column":4},"end":{"line":224,"column":5}}},"16":{"name":"setInfo","line":228,"loc":{"start":{"line":228,"column":4},"end":{"line":232,"column":5}}},"17":{"name":"setInfo","line":239,"loc":{"start":{"line":239,"column":4},"end":{"line":243,"column":5}}},"18":{"name":"currentPlayerCanBePunished","line":247,"loc":{"start":{"line":247,"column":4},"end":{"line":251,"column":5}}},"19":{"name":"checkState","line":256,"loc":{"start":{"line":256,"column":4},"end":{"line":260,"column":5}}},"20":{"name":"check0","line":272,"loc":{"start":{"line":272,"column":4},"end":{"line":276,"column":5}}},"21":{"name":"check1","line":283,"loc":{"start":{"line":283,"column":4},"end":{"line":287,"column":5}}},"22":{"name":"check2","line":293,"loc":{"start":{"line":293,"column":4},"end":{"line":297,"column":5}}},"23":{"name":"check3","line":304,"loc":{"start":{"line":304,"column":4},"end":{"line":308,"column":5}}},"24":{"name":"check4","line":314,"loc":{"start":{"line":314,"column":4},"end":{"line":318,"column":5}}},"25":{"name":"check5","line":325,"loc":{"start":{"line":325,"column":4},"end":{"line":329,"column":5}}},"26":{"name":"check6","line":335,"loc":{"start":{"line":335,"column":4},"end":{"line":339,"column":5}}},"27":{"name":"check7","line":346,"loc":{"start":{"line":346,"column":4},"end":{"line":350,"column":5}}},"28":{"name":"check8","line":356,"loc":{"start":{"line":356,"column":4},"end":{"line":360,"column":5}}}},"statementMap":{"1":{"start":{"line":38,"column":6},"end":{"line":38,"column":44}},"2":{"start":{"line":40,"column":6},"end":{"line":40,"column":64}},"3":{"start":{"line":50,"column":8},"end":{"line":50,"column":36}},"4":{"start":{"line":51,"column":8},"end":{"line":51,"column":46}},"5":{"start":{"line":52,"column":8},"end":{"line":52,"column":35}},"6":{"start":{"line":53,"column":8},"end":{"line":53,"column":35}},"7":{"start":{"line":59,"column":8},"end":{"line":59,"column":43}},"8":{"start":{"line":60,"column":8},"end":{"line":60,"column":29}},"9":{"start":{"line":62,"column":8},"end":{"line":62,"column":26}},"10":{"start":{"line":64,"column":8},"end":{"line":64,"column":45}},"11":{"start":{"line":66,"column":8},"end":{"line":66,"column":54}},"12":{"start":{"line":67,"column":8},"end":{"line":67,"column":58}},"13":{"start":{"line":68,"column":8},"end":{"line":68,"column":24}},"14":{"start":{"line":77,"column":8},"end":{"line":77,"column":36}},"15":{"start":{"line":78,"column":8},"end":{"line":78,"column":40}},"16":{"start":{"line":79,"column":8},"end":{"line":79,"column":43}},"17":{"start":{"line":80,"column":8},"end":{"line":80,"column":30}},"18":{"start":{"line":81,"column":8},"end":{"line":81,"column":45}},"19":{"start":{"line":82,"column":8},"end":{"line":82,"column":35}},"20":{"start":{"line":83,"column":8},"end":{"line":83,"column":77}},"21":{"start":{"line":84,"column":8},"end":{"line":84,"column":105}},"22":{"start":{"line":90,"column":8},"end":{"line":90,"column":25}},"23":{"start":{"line":91,"column":8},"end":{"line":91,"column":43}},"24":{"start":{"line":92,"column":8},"end":{"line":92,"column":29}},"25":{"start":{"line":94,"column":8},"end":{"line":94,"column":60}},"26":{"start":{"line":96,"column":8},"end":{"line":96,"column":64}},"27":{"start":{"line":97,"column":8},"end":{"line":97,"column":57}},"28":{"start":{"line":99,"column":8},"end":{"line":99,"column":53}},"29":{"start":{"line":100,"column":8},"end":{"line":100,"column":47}},"30":{"start":{"line":101,"column":8},"end":{"line":101,"column":56}},"31":{"start":{"line":102,"column":8},"end":{"line":102,"column":76}},"32":{"start":{"line":103,"column":8},"end":{"line":103,"column":64}},"33":{"start":{"line":104,"column":8},"end":{"line":104,"column":3633}},"34":{"start":{"line":105,"column":13},"end":{"line":105,"column":63}},"35":{"start":{"line":109,"column":13},"end":{"line":109,"column":31}},"36":{"start":{"line":110,"column":13},"end":{"line":110,"column":31}},"37":{"start":{"line":111,"column":15},"end":{"line":111,"column":4003}},"38":{"start":{"line":112,"column":13},"end":{"line":112,"column":59}},"39":{"start":{"line":113,"column":13},"end":{"line":113,"column":63}},"40":{"start":{"line":118,"column":13},"end":{"line":118,"column":31}},"41":{"start":{"line":119,"column":13},"end":{"line":119,"column":31}},"42":{"start":{"line":122,"column":12},"end":{"line":122,"column":80}},"43":{"start":{"line":124,"column":8},"end":{"line":124,"column":66}},"44":{"start":{"line":130,"column":8},"end":{"line":130,"column":43}},"45":{"start":{"line":131,"column":8},"end":{"line":131,"column":29}},"46":{"start":{"line":133,"column":8},"end":{"line":133,"column":64}},"47":{"start":{"line":134,"column":8},"end":{"line":134,"column":49}},"48":{"start":{"line":136,"column":8},"end":{"line":136,"column":55}},"49":{"start":{"line":137,"column":8},"end":{"line":137,"column":49}},"50":{"start":{"line":140,"column":8},"end":{"line":140,"column":64}},"51":{"start":{"line":141,"column":8},"end":{"line":141,"column":58}},"52":{"start":{"line":145,"column":8},"end":{"line":145,"column":26}},"53":{"start":{"line":146,"column":8},"end":{"line":146,"column":26}},"54":{"start":{"line":147,"column":8},"end":{"line":147,"column":24}},"55":{"start":{"line":155,"column":8},"end":{"line":155,"column":74}},"56":{"start":{"line":163,"column":8},"end":{"line":163,"column":46}},"57":{"start":{"line":164,"column":8},"end":{"line":164,"column":46}},"58":{"start":{"line":164,"column":38},"end":{"line":164,"column":46}},"59":{"start":{"line":165,"column":8},"end":{"line":165,"column":46}},"60":{"start":{"line":165,"column":38},"end":{"line":165,"column":46}},"61":{"start":{"line":166,"column":8},"end":{"line":166,"column":16}},"62":{"start":{"line":174,"column":8},"end":{"line":174,"column":65}},"63":{"start":{"line":182,"column":8},"end":{"line":182,"column":71}},"64":{"start":{"line":190,"column":8},"end":{"line":190,"column":87}},"65":{"start":{"line":198,"column":8},"end":{"line":198,"column":64}},"66":{"start":{"line":206,"column":8},"end":{"line":206,"column":40}},"67":{"start":{"line":207,"column":8},"end":{"line":207,"column":36}},"68":{"start":{"line":217,"column":8},"end":{"line":217,"column":65}},"69":{"start":{"line":225,"column":8},"end":{"line":225,"column":45}},"70":{"start":{"line":235,"column":8},"end":{"line":235,"column":46}},"71":{"start":{"line":236,"column":8},"end":{"line":236,"column":46}},"72":{"start":{"line":244,"column":8},"end":{"line":244,"column":45}},"73":{"start":{"line":252,"column":8},"end":{"line":252,"column":94}},"74":{"start":{"line":253,"column":8},"end":{"line":253,"column":114}},"75":{"start":{"line":261,"column":8},"end":{"line":261,"column":8532}},"76":{"start":{"line":261,"column":24},"end":{"line":261,"column":58}},"77":{"start":{"line":262,"column":13},"end":{"line":262,"column":8598}},"78":{"start":{"line":262,"column":28},"end":{"line":262,"column":62}},"79":{"start":{"line":263,"column":13},"end":{"line":263,"column":8663}},"80":{"start":{"line":263,"column":28},"end":{"line":263,"column":62}},"81":{"start":{"line":264,"column":13},"end":{"line":264,"column":8728}},"82":{"start":{"line":264,"column":28},"end":{"line":264,"column":62}},"83":{"start":{"line":265,"column":13},"end":{"line":265,"column":8793}},"84":{"start":{"line":265,"column":28},"end":{"line":265,"column":62}},"85":{"start":{"line":266,"column":13},"end":{"line":266,"column":8858}},"86":{"start":{"line":266,"column":28},"end":{"line":266,"column":62}},"87":{"start":{"line":267,"column":13},"end":{"line":267,"column":8923}},"88":{"start":{"line":267,"column":28},"end":{"line":267,"column":62}},"89":{"start":{"line":268,"column":13},"end":{"line":268,"column":8988}},"90":{"start":{"line":268,"column":28},"end":{"line":268,"column":62}},"91":{"start":{"line":269,"column":13},"end":{"line":269,"column":47}},"92":{"start":{"line":277,"column":8},"end":{"line":277,"column":9307}},"93":{"start":{"line":288,"column":8},"end":{"line":288,"column":9852}},"94":{"start":{"line":298,"column":8},"end":{"line":298,"column":10262}},"95":{"start":{"line":309,"column":8},"end":{"line":309,"column":10807}},"96":{"start":{"line":319,"column":8},"end":{"line":319,"column":11217}},"97":{"start":{"line":330,"column":8},"end":{"line":330,"column":11762}},"98":{"start":{"line":340,"column":8},"end":{"line":340,"column":12172}},"99":{"start":{"line":351,"column":8},"end":{"line":351,"column":12717}},"100":{"start":{"line":361,"column":8},"end":{"line":361,"column":13127}}},"branchMap":{"1":{"line":50,"type":"if","locations":[{"start":{"line":50,"column":8},"end":{"line":50,"column":8}},{"start":{"line":50,"column":8},"end":{"line":50,"column":8}}]},"2":{"line":62,"type":"if","locations":[{"start":{"line":62,"column":8},"end":{"line":62,"column":8}},{"start":{"line":62,"column":8},"end":{"line":62,"column":8}}]},"3":{"line":64,"type":"if","locations":[{"start":{"line":64,"column":8},"end":{"line":64,"column":8}},{"start":{"line":64,"column":8},"end":{"line":64,"column":8}}]},"4":{"line":77,"type":"if","locations":[{"start":{"line":77,"column":8},"end":{"line":77,"column":8}},{"start":{"line":77,"column":8},"end":{"line":77,"column":8}}]},"5":{"line":78,"type":"if","locations":[{"start":{"line":78,"column":8},"end":{"line":78,"column":8}},{"start":{"line":78,"column":8},"end":{"line":78,"column":8}}]},"6":{"line":80,"type":"if","locations":[{"start":{"line":80,"column":8},"end":{"line":80,"column":8}},{"start":{"line":80,"column":8},"end":{"line":80,"column":8}}]},"7":{"line":81,"type":"if","locations":[{"start":{"line":81,"column":8},"end":{"line":81,"column":8}},{"start":{"line":81,"column":8},"end":{"line":81,"column":8}}]},"8":{"line":90,"type":"if","locations":[{"start":{"line":90,"column":8},"end":{"line":90,"column":8}},{"start":{"line":90,"column":8},"end":{"line":90,"column":8}}]},"9":{"line":94,"type":"if","locations":[{"start":{"line":94,"column":8},"end":{"line":94,"column":8}},{"start":{"line":94,"column":8},"end":{"line":94,"column":8}}]},"10":{"line":97,"type":"if","locations":[{"start":{"line":97,"column":8},"end":{"line":97,"column":8}},{"start":{"line":97,"column":8},"end":{"line":97,"column":8}}]},"11":{"line":100,"type":"if","locations":[{"start":{"line":100,"column":8},"end":{"line":100,"column":8}},{"start":{"line":100,"column":8},"end":{"line":100,"column":8}}]},"12":{"line":104,"type":"if","locations":[{"start":{"line":104,"column":8},"end":{"line":104,"column":8}},{"start":{"line":104,"column":8},"end":{"line":104,"column":8}}]},"13":{"line":111,"type":"if","locations":[{"start":{"line":111,"column":15},"end":{"line":111,"column":15}},{"start":{"line":111,"column":15},"end":{"line":111,"column":15}}]},"14":{"line":136,"type":"if","locations":[{"start":{"line":136,"column":8},"end":{"line":136,"column":8}},{"start":{"line":136,"column":8},"end":{"line":136,"column":8}}]},"15":{"line":137,"type":"if","locations":[{"start":{"line":137,"column":8},"end":{"line":137,"column":8}},{"start":{"line":137,"column":8},"end":{"line":137,"column":8}}]},"16":{"line":164,"type":"if","locations":[{"start":{"line":164,"column":8},"end":{"line":164,"column":8}},{"start":{"line":164,"column":8},"end":{"line":164,"column":8}}]},"17":{"line":165,"type":"if","locations":[{"start":{"line":165,"column":8},"end":{"line":165,"column":8}},{"start":{"line":165,"column":8},"end":{"line":165,"column":8}}]},"18":{"line":206,"type":"if","locations":[{"start":{"line":206,"column":8},"end":{"line":206,"column":8}},{"start":{"line":206,"column":8},"end":{"line":206,"column":8}}]},"19":{"line":261,"type":"if","locations":[{"start":{"line":261,"column":8},"end":{"line":261,"column":8}},{"start":{"line":261,"column":8},"end":{"line":261,"column":8}}]},"20":{"line":262,"type":"if","locations":[{"start":{"line":262,"column":13},"end":{"line":262,"column":13}},{"start":{"line":262,"column":13},"end":{"line":262,"column":13}}]},"21":{"line":263,"type":"if","locations":[{"start":{"line":263,"column":13},"end":{"line":263,"column":13}},{"start":{"line":263,"column":13},"end":{"line":263,"column":13}}]},"22":{"line":264,"type":"if","locations":[{"start":{"line":264,"column":13},"end":{"line":264,"column":13}},{"start":{"line":264,"column":13},"end":{"line":264,"column":13}}]},"23":{"line":265,"type":"if","locations":[{"start":{"line":265,"column":13},"end":{"line":265,"column":13}},{"start":{"line":265,"column":13},"end":{"line":265,"column":13}}]},"24":{"line":266,"type":"if","locations":[{"start":{"line":266,"column":13},"end":{"line":266,"column":13}},{"start":{"line":266,"column":13},"end":{"line":266,"column":13}}]},"25":{"line":267,"type":"if","locations":[{"start":{"line":267,"column":13},"end":{"line":267,"column":13}},{"start":{"line":267,"column":13},"end":{"line":267,"column":13}}]},"26":{"line":268,"type":"if","locations":[{"start":{"line":268,"column":13},"end":{"line":268,"column":13}},{"start":{"line":268,"column":13},"end":{"line":268,"column":13}}]}}}}